info it worked if it ends with ok
verbose cli [ 'node', '/opt/local/bin/npm', 'start' ]
info using npm@1.0.106
info using node@v0.6.7
verbose config file /Users/charud/.npmrc
verbose config file /opt/local/etc/npmrc
verbose config file /opt/local/lib/node_modules/npm/npmrc
silly testEngine { name: 'application-name',
silly testEngine   version: '0.0.1',
silly testEngine   private: true,
silly testEngine   scripts: { start: 'node app' },
silly testEngine   dependencies: { express: '3.0.0rc5', jade: '*' },
silly testEngine   _id: 'application-name@0.0.1',
silly testEngine   devDependencies: {},
silly testEngine   engines: { node: '*' },
silly testEngine   _engineSupported: true,
silly testEngine   _npmVersion: '1.0.106',
silly testEngine   _nodeVersion: 'v0.6.7',
silly testEngine   _defaultsLoaded: true }
verbose caching /Users/charud/dev/mobile/package.json
verbose loadDefaults application-name@0.0.1
verbose run-script [ 'prestart', 'start', 'poststart' ]
info prestart application-name@0.0.1
info start application-name@0.0.1
verbose unsafe-perm in lifecycle true
silly exec sh "-c" "node app"
silly spawning [ 'sh', [ '-c', 'node app' ], '/Users/charud/dev/mobile' ]
info application-name@0.0.1 Failed to exec start script
ERR! application-name@0.0.1 start: `node app`
ERR! `sh "-c" "node app"` failed with 1
ERR! 
ERR! Failed at the application-name@0.0.1 start script.
ERR! This is most likely a problem with the application-name package,
ERR! not with npm itself.
ERR! Tell the author that this fails on your system:
ERR!     node app
ERR! You can get their info via:
ERR!     npm owner ls application-name
ERR! There is likely additional logging output above.
ERR! 
ERR! System Darwin 12.2.0
ERR! command "node" "/opt/local/bin/npm" "start"
ERR! cwd /Users/charud/dev/mobile
ERR! node -v v0.6.7
ERR! npm -v 1.0.106
ERR! code ELIFECYCLE
verbose exit [ 1, true ]
